Arguments: 
  D:\node.exe D:\bin\yarn.js init

PATH: 
  C:\python3\Scripts\;C:\python3\;C:\Program Files\Common Files\Siemens\Automation\Simatic OAM\bin;C:\WINDOWS\system32;C:\WINDOWS;C:\WINDOWS\System32\Wbem;C:\WINDOWS\System32\WindowsPowerShell\v1.0\;C:\WINDOWS\System32\OpenSSH\;C:\Program Files (x86)\Git\cmd;E:\PROE 5.0\proe\bin;E:\PROE 5.0\proe\mech\bin;C:\mysql\mysql;C:\mysql\mysql\bin;C:\Program Files\Microsoft SQL Server\150\Tools\Binn\;C:\Program Files\Microsoft SQL Server\Client SDK\ODBC\130\Tools\Binn\;C:\Program Files (x86)\Microsoft SQL Server\130\Tools\Binn\;C:\Program Files\Microsoft SQL Server\130\Tools\Binn\;C:\Program Files\Microsoft SQL Server\130\DTS\Binn\;C:\Program Files (x86)\Common Files\Siemens\;C:\Program Files (x86)\Common Files\Siemens\Interfaces;C:\Program Files (x86)\Common Files\Siemens\ACE\Interfaces;D:\;;C:\Program Files (x86)\Tencent\微信web开发者工具\dll;C:\WINDOWS\system32;C:\WINDOWS;C:\WINDOWS\System32\Wbem;C:\WINDOWS\System32\WindowsPowerShell\v1.0\;C:\WINDOWS\System32\OpenSSH\;E:\微信web开发者工具\dll;D:\bin\;C:\Users\刘建国\AppData\Local\Programs\Python\Python37\Scripts\;C:\Users\刘建国\AppData\Local\Programs\Python\Python37\;C:\Users\刘建国\AppData\Local\Programs\Python\Python39\Scripts\;C:\Users\刘建国\AppData\Local\Programs\Python\Python39\;D:\软件\Scripts\;D:\软件\;C:\Users\刘建国\AppData\Local\Microsoft\WindowsApps;C:\PyCharm Community Edition 2020.2.3\bin;;C:\Program Files\JetBrains\PyCharm 2021.3\bin;;D:\Users\刘建国\AppData\Local\Programs\Microsoft VS Code\bin;C:\Users\刘建国\AppData\Roaming\npm;C:\Program Files\MongoDB\Server\4.4\bin;C:\Users\刘建国\AppData\Local\Yarn\bin

Yarn version: 
  1.22.5

Node version: 
  16.18.0

Platform: 
  win32 x64

Trace: 
  Error: canceled
      at Interface.<anonymous> (D:\lib\cli.js:137009:13)
      at Interface.emit (node:events:513:28)
      at Interface._ttyWrite (node:readline:1085:16)
      at ReadStream.onkeypress (node:readline:291:10)
      at ReadStream.emit (node:events:513:28)
      at emitKeys (node:internal/readline/utils:357:14)
      at emitKeys.next (<anonymous>)
      at ReadStream.onData (node:internal/readline/emitKeypressEvents:61:36)
      at ReadStream.emit (node:events:513:28)
      at addChunk (node:internal/streams/readable:315:12)

npm manifest: 
  {
    "name": "enjoy-plus",
    "version": "1.0.0",
    "description": "",
    "keywords": [],
    "author": "lotjol <botue@sina.com>",
    "repository": "lotjol/enjoy-plus",
    "license": "",
    "devDependencies": {
      "eslint": "^8.23.0"
    },
    "dependencies": {
      "@vant/weapp": "^1.10.4"
    }
  }

yarn manifest: 
  No manifest

Lockfile: 
  No lockfile
